d:\teachingmaterials\twm1\twm1\debug\twm1.pch
d:\teachingmaterials\twm1\twm1\debug\vc140.pdb
d:\teachingmaterials\twm1\twm1\debug\vc140.idb
d:\teachingmaterials\twm1\twm1\debug\stdafx.obj
d:\teachingmaterials\twm1\twm1\debug\dlgworkthread.obj
d:\teachingmaterials\twm1\twm1\debug\twm1.obj
d:\teachingmaterials\twm1\twm1\debug\twm1dlg.obj
d:\teachingmaterials\twm1\twm1\debug\progress1thread.obj
d:\teachingmaterials\twm1\twm1\debug\workthread.obj
d:\teachingmaterials\twm1\twm1\debug\progress2thread.obj
d:\teachingmaterials\twm1\twm1\debug\progress3thread.obj
d:\teachingmaterials\twm1\twm1\debug\progress4thread.obj
d:\teachingmaterials\twm1\twm1\debug\twm1.res
d:\teachingmaterials\twm1\debug\twm1.pdb
d:\teachingmaterials\twm1\twm1\debug\twm1.tlog\cl.command.1.tlog
d:\teachingmaterials\twm1\twm1\debug\twm1.tlog\cl.read.1.tlog
d:\teachingmaterials\twm1\twm1\debug\twm1.tlog\cl.write.1.tlog
d:\teachingmaterials\twm1\twm1\debug\twm1.tlog\link-cvtres.read.1.tlog
d:\teachingmaterials\twm1\twm1\debug\twm1.tlog\link-cvtres.write.1.tlog
d:\teachingmaterials\twm1\twm1\debug\twm1.tlog\link-mt.read.1.tlog
d:\teachingmaterials\twm1\twm1\debug\twm1.tlog\link-mt.write.1.tlog
d:\teachingmaterials\twm1\twm1\debug\twm1.tlog\link-rc.read.1.tlog
d:\teachingmaterials\twm1\twm1\debug\twm1.tlog\link-rc.write.1.tlog
d:\teachingmaterials\twm1\twm1\debug\twm1.tlog\link.4628-cvtres.read.1.tlog
d:\teachingmaterials\twm1\twm1\debug\twm1.tlog\link.4628-cvtres.write.1.tlog
d:\teachingmaterials\twm1\twm1\debug\twm1.tlog\link.4628-mt.read.1.tlog
d:\teachingmaterials\twm1\twm1\debug\twm1.tlog\link.4628-mt.write.1.tlog
d:\teachingmaterials\twm1\twm1\debug\twm1.tlog\link.4628-rc.read.1.tlog
d:\teachingmaterials\twm1\twm1\debug\twm1.tlog\link.4628-rc.write.1.tlog
d:\teachingmaterials\twm1\twm1\debug\twm1.tlog\link.4628.read.1.tlog
d:\teachingmaterials\twm1\twm1\debug\twm1.tlog\link.4628.write.1.tlog
d:\teachingmaterials\twm1\twm1\debug\twm1.tlog\link.command.1.tlog
d:\teachingmaterials\twm1\twm1\debug\twm1.tlog\link.read.1.tlog
d:\teachingmaterials\twm1\twm1\debug\twm1.tlog\link.write.1.tlog
d:\teachingmaterials\twm1\twm1\debug\twm1.tlog\rc.command.1.tlog
d:\teachingmaterials\twm1\twm1\debug\twm1.tlog\rc.read.1.tlog
d:\teachingmaterials\twm1\twm1\debug\twm1.tlog\rc.write.1.tlog
