D:\LIBRARY_HYEONEON\DYNAMIC\DEBUG\CALCULATION.OBJ
D:\Library_Hyeoneon\Dynamic\Debug\cl.command.1.tlog
D:\Library_Hyeoneon\Dynamic\Debug\CL.read.1.tlog
D:\Library_Hyeoneon\Dynamic\Debug\CL.write.1.tlog
D:\LIBRARY_HYEONEON\DYNAMIC\DEBUG\DYNAMIC.DLL.EMBED.MANIFEST
D:\LIBRARY_HYEONEON\DYNAMIC\DEBUG\DYNAMIC.DLL.EMBED.MANIFEST.RES
D:\LIBRARY_HYEONEON\DYNAMIC\DEBUG\DYNAMIC.DLL.INTERMEDIATE.MANIFEST
D:\LIBRARY_HYEONEON\DYNAMIC\DEBUG\DYNAMIC.OBJ
D:\LIBRARY_HYEONEON\DYNAMIC\DEBUG\DYNAMIC.PCH
D:\LIBRARY_HYEONEON\DYNAMIC\DEBUG\DYNAMIC.RES
D:\Library_Hyeoneon\Dynamic\Debug\Dynamic.write.1.tlog
D:\Library_Hyeoneon\Dynamic\Debug\Dynamic_manifest.rc
D:\LIBRARY_HYEONEON\DYNAMIC\DEBUG\GETSTRING.OBJ
D:\Library_Hyeoneon\Dynamic\Debug\link.13944.read.1.tlog
D:\Library_Hyeoneon\Dynamic\Debug\link.13944.write.1.tlog
D:\Library_Hyeoneon\Dynamic\Debug\link.13944-cvtres.read.1.tlog
D:\Library_Hyeoneon\Dynamic\Debug\link.13944-cvtres.write.1.tlog
D:\Library_Hyeoneon\Dynamic\Debug\link.command.1.tlog
D:\Library_Hyeoneon\Dynamic\Debug\link.read.1.tlog
D:\Library_Hyeoneon\Dynamic\Debug\link.write.1.tlog
D:\Library_Hyeoneon\Dynamic\Debug\link-cvtres.read.1.tlog
D:\Library_Hyeoneon\Dynamic\Debug\link-cvtres.write.1.tlog
D:\LIBRARY_HYEONEON\DYNAMIC\DEBUG\LOG.OBJ
D:\Library_Hyeoneon\Dynamic\Debug\mt.command.1.tlog
D:\Library_Hyeoneon\Dynamic\Debug\mt.read.1.tlog
D:\Library_Hyeoneon\Dynamic\Debug\mt.write.1.tlog
D:\LIBRARY_HYEONEON\DYNAMIC\DEBUG\MYSTRING.OBJ
D:\Library_Hyeoneon\Dynamic\Debug\rc.command.1.tlog
D:\Library_Hyeoneon\Dynamic\Debug\rc.read.1.tlog
D:\Library_Hyeoneon\Dynamic\Debug\rc.write.1.tlog
D:\LIBRARY_HYEONEON\DYNAMIC\DEBUG\STDAFX.OBJ
D:\LIBRARY_HYEONEON\DYNAMIC\DEBUG\TIMER.OBJ
D:\Library_Hyeoneon\Dynamic\Debug\vc100.idb
D:\LIBRARY_HYEONEON\DYNAMIC\DEBUG\VC100.PDB
D:\LIBRARY_HYEONEON\MODULE\DYNAMIC\LIB\DYNAMIC.DLL
D:\Library_Hyeoneon\Module\Dynamic\lib\Dynamic.exp
D:\LIBRARY_HYEONEON\MODULE\DYNAMIC\LIB\DYNAMIC.ILK
D:\Library_Hyeoneon\Module\Dynamic\lib\Dynamic.lib
D:\LIBRARY_HYEONEON\MODULE\DYNAMIC\LIB\DYNAMIC.PDB
